# JRE version: OpenJDK Runtime Environment Temurin-17.0.7+7 (17.0.7+7) (build 17.0.7+7)
# Java VM: OpenJDK 64-Bit Server VM Temurin-17.0.7+7 (17.0.7+7, mixed mode, sharing, tiered, compressed oops, compressed class ptrs, g1 gc, windows-amd64)
GC Precious Log:
 CPUs: 32 total, 32 available
 Memory: 65343M
 Large Page Support: Disabled
 NUMA Support: Disabled
 Compressed Oops: Enabled (Zero based)
 Heap Region Size: 2M
 Heap Min Capacity: 512M
 Heap Initial Capacity: 512M
 Heap Max Capacity: 4072M
 Pre-touch: Disabled
 Parallel Workers: 23
 Concurrent Workers: 6
 Concurrent Refinement Workers: 23
 Periodic GC: Disabled
 String Deduplication is enabled
Heap:
 garbage-first heap   total 524288K, used 122089K [0x0000000701800000, 0x0000000800000000)
  region size 2048K, 5 young (10240K), 2 survivors (4096K)
 Metaspace       used 87627K, committed 88256K, reserved 1179648K
  class space    used 12765K, committed 13056K, reserved 1048576K
GC Heap History (20 events):
Event: 284.561 GC heap before
{Heap before GC invocations=31 (full 2):
 garbage-first heap   total 630784K, used 211409K [0x0000000701800000, 0x0000000800000000)
  region size 2048K, 40 young (81920K), 3 survivors (6144K)
 Metaspace       used 85365K, committed 86080K, reserved 1179648K
  class space    used 12325K, committed 12672K, reserved 1048576K
}
Event: 284.565 GC heap after
{Heap after GC invocations=32 (full 2):
 garbage-first heap   total 630784K, used 137104K [0x0000000701800000, 0x0000000800000000)
  region size 2048K, 3 young (6144K), 3 survivors (6144K)
 Metaspace       used 85365K, committed 86080K, reserved 1179648K
  class space    used 12325K, committed 12672K, reserved 1048576K
}
Event: 285.018 GC heap before
{Heap before GC invocations=32 (full 2):
 garbage-first heap   total 630784K, used 212880K [0x0000000701800000, 0x0000000800000000)
  region size 2048K, 40 young (81920K), 3 survivors (6144K)
 Metaspace       used 85409K, committed 86080K, reserved 1179648K
  class space    used 12331K, committed 12672K, reserved 1048576K
}
Event: 285.022 GC heap after
{Heap after GC invocations=33 (full 2):
 garbage-first heap   total 630784K, used 137372K [0x0000000701800000, 0x0000000800000000)
  region size 2048K, 3 young (6144K), 3 survivors (6144K)
 Metaspace       used 85409K, committed 86080K, reserved 1179648K
  class space    used 12331K, committed 12672K, reserved 1048576K
}
Event: 285.229 GC heap before
{Heap before GC invocations=33 (full 2):
 garbage-first heap   total 630784K, used 176284K [0x0000000701800000, 0x0000000800000000)
  region size 2048K, 23 young (47104K), 3 survivors (6144K)
 Metaspace       used 85409K, committed 86080K, reserved 1179648K
  class space    used 12331K, committed 12672K, reserved 1048576K
}
Event: 285.274 GC heap after
{Heap after GC invocations=34 (full 3):
 garbage-first heap   total 524288K, used 117087K [0x0000000701800000, 0x0000000800000000)
  region size 2048K, 0 young (0K), 0 survivors (0K)
 Metaspace       used 85409K, committed 86080K, reserved 1179648K
  class space    used 12331K, committed 12672K, reserved 1048576K
}
Event: 398.311 GC heap before
{Heap before GC invocations=34 (full 3):
 garbage-first heap   total 524288K, used 199007K [0x0000000701800000, 0x0000000800000000)
  region size 2048K, 40 young (81920K), 0 survivors (0K)
 Metaspace       used 85499K, committed 86144K, reserved 1179648K
  class space    used 12335K, committed 12672K, reserved 1048576K
}
Event: 398.313 GC heap after
{Heap after GC invocations=35 (full 3):
 garbage-first heap   total 524288K, used 118364K [0x0000000701800000, 0x0000000800000000)
  region size 2048K, 1 young (2048K), 1 survivors (2048K)
 Metaspace       used 85499K, committed 86144K, reserved 1179648K
  class space    used 12335K, committed 12672K, reserved 1048576K
}
Event: 550.473 GC heap before
{Heap before GC invocations=35 (full 3):
 garbage-first heap   total 524288K, used 198236K [0x0000000701800000, 0x0000000800000000)
  region size 2048K, 40 young (81920K), 1 survivors (2048K)
 Metaspace       used 85714K, committed 86336K, reserved 1179648K
  class space    used 12361K, committed 12672K, reserved 1048576K
}
Event: 550.476 GC heap after
{Heap after GC invocations=36 (full 3):
 garbage-first heap   total 524288K, used 118243K [0x0000000701800000, 0x0000000800000000)
  region size 2048K, 1 young (2048K), 1 survivors (2048K)
 Metaspace       used 85714K, committed 86336K, reserved 1179648K
  class space    used 12361K, committed 12672K, reserved 1048576K
}
Event: 573.878 GC heap before
{Heap before GC invocations=36 (full 3):
 garbage-first heap   total 524288K, used 198115K [0x0000000701800000, 0x0000000800000000)
  region size 2048K, 40 young (81920K), 1 survivors (2048K)
 Metaspace       used 85802K, committed 86464K, reserved 1179648K
  class space    used 12361K, committed 12672K, reserved 1048576K
}
Event: 573.879 GC heap after
{Heap after GC invocations=37 (full 3):
 garbage-first heap   total 524288K, used 117982K [0x0000000701800000, 0x0000000800000000)
  region size 2048K, 1 young (2048K), 1 survivors (2048K)
 Metaspace       used 85802K, committed 86464K, reserved 1179648K
  class space    used 12361K, committed 12672K, reserved 1048576K
}
Event: 601.690 GC heap before
{Heap before GC invocations=37 (full 3):
 garbage-first heap   total 524288K, used 197854K [0x0000000701800000, 0x0000000800000000)
  region size 2048K, 40 young (81920K), 1 survivors (2048K)
 Metaspace       used 87441K, committed 88064K, reserved 1179648K
  class space    used 12761K, committed 13056K, reserved 1048576K
}
Event: 601.693 GC heap after
{Heap after GC invocations=38 (full 3):
 garbage-first heap   total 524288K, used 120442K [0x0000000701800000, 0x0000000800000000)
  region size 2048K, 2 young (4096K), 2 survivors (4096K)
 Metaspace       used 87441K, committed 88064K, reserved 1179648K
  class space    used 12761K, committed 13056K, reserved 1048576K
}
Event: 604.427 GC heap before
{Heap before GC invocations=38 (full 3):
 garbage-first heap   total 524288K, used 198266K [0x0000000701800000, 0x0000000800000000)
  region size 2048K, 40 young (81920K), 2 survivors (4096K)
 Metaspace       used 87537K, committed 88192K, reserved 1179648K
  class space    used 12764K, committed 13056K, reserved 1048576K
}
Event: 604.430 GC heap after
{Heap after GC invocations=39 (full 3):
 garbage-first heap   total 524288K, used 120888K [0x0000000701800000, 0x0000000800000000)
  region size 2048K, 2 young (4096K), 2 survivors (4096K)
 Metaspace       used 87537K, committed 88192K, reserved 1179648K
  class space    used 12764K, committed 13056K, reserved 1048576K
}
Event: 604.600 GC heap before
{Heap before GC invocations=39 (full 3):
 garbage-first heap   total 524288K, used 196664K [0x0000000701800000, 0x0000000800000000)
  region size 2048K, 40 young (81920K), 2 survivors (4096K)
 Metaspace       used 87545K, committed 88192K, reserved 1179648K
  class space    used 12764K, committed 13056K, reserved 1048576K
}
Event: 604.602 GC heap after
{Heap after GC invocations=40 (full 3):
 garbage-first heap   total 524288K, used 119626K [0x0000000701800000, 0x0000000800000000)
  region size 2048K, 2 young (4096K), 2 survivors (4096K)
 Metaspace       used 87545K, committed 88192K, reserved 1179648K
  class space    used 12764K, committed 13056K, reserved 1048576K
}
Event: 606.505 GC heap before
{Heap before GC invocations=40 (full 3):
 garbage-first heap   total 524288K, used 197450K [0x0000000701800000, 0x0000000800000000)
  region size 2048K, 40 young (81920K), 2 survivors (4096K)
 Metaspace       used 87622K, committed 88256K, reserved 1179648K
  class space    used 12765K, committed 13056K, reserved 1048576K
}
Event: 606.507 GC heap after
{Heap after GC invocations=41 (full 3):
 garbage-first heap   total 524288K, used 120041K [0x0000000701800000, 0x0000000800000000)
  region size 2048K, 2 young (4096K), 2 survivors (4096K)
 Metaspace       used 87622K, committed 88256K, reserved 1179648K
  class space    used 12765K, committed 13056K, reserved 1048576K
}

