# JRE version: OpenJDK Runtime Environment Temurin-17.0.7+7 (17.0.7+7) (build 17.0.7+7)
# Java VM: OpenJDK 64-Bit Server VM Temurin-17.0.7+7 (17.0.7+7, mixed mode, sharing, tiered, compressed oops, compressed class ptrs, g1 gc, windows-amd64)
GC Precious Log:
 CPUs: 32 total, 32 available
 Memory: 65343M
 Large Page Support: Disabled
 NUMA Support: Disabled
 Compressed Oops: Enabled (Zero based)
 Heap Region Size: 2M
 Heap Min Capacity: 512M
 Heap Initial Capacity: 512M
 Heap Max Capacity: 4072M
 Pre-touch: Disabled
 Parallel Workers: 23
 Concurrent Workers: 6
 Concurrent Refinement Workers: 23
 Periodic GC: Disabled
 String Deduplication is enabled
Heap:
 garbage-first heap   total 524288K, used 237100K [0x0000000701800000, 0x0000000800000000)
  region size 2048K, 36 young (73728K), 1 survivors (2048K)
 Metaspace       used 92193K, committed 92864K, reserved 1179648K
  class space    used 13040K, committed 13376K, reserved 1048576K
GC Heap History (20 events):
Event: 3621.916 GC heap before
{Heap before GC invocations=132 (full 7):
 garbage-first heap   total 524288K, used 247298K [0x0000000701800000, 0x0000000800000000)
  region size 2048K, 41 young (83968K), 1 survivors (2048K)
 Metaspace       used 92034K, committed 92736K, reserved 1179648K
  class space    used 13039K, committed 13376K, reserved 1048576K
}
Event: 3621.920 GC heap after
{Heap after GC invocations=133 (full 7):
 garbage-first heap   total 524288K, used 167379K [0x0000000701800000, 0x0000000800000000)
  region size 2048K, 1 young (2048K), 1 survivors (2048K)
 Metaspace       used 92034K, committed 92736K, reserved 1179648K
  class space    used 13039K, committed 13376K, reserved 1048576K
}
Event: 3641.248 GC heap before
{Heap before GC invocations=133 (full 7):
 garbage-first heap   total 524288K, used 247251K [0x0000000701800000, 0x0000000800000000)
  region size 2048K, 40 young (81920K), 1 survivors (2048K)
 Metaspace       used 92050K, committed 92736K, reserved 1179648K
  class space    used 13039K, committed 13376K, reserved 1048576K
}
Event: 3641.252 GC heap after
{Heap after GC invocations=134 (full 7):
 garbage-first heap   total 524288K, used 167228K [0x0000000701800000, 0x0000000800000000)
  region size 2048K, 1 young (2048K), 1 survivors (2048K)
 Metaspace       used 92050K, committed 92736K, reserved 1179648K
  class space    used 13039K, committed 13376K, reserved 1048576K
}
Event: 3642.305 GC heap before
{Heap before GC invocations=134 (full 7):
 garbage-first heap   total 524288K, used 247100K [0x0000000701800000, 0x0000000800000000)
  region size 2048K, 40 young (81920K), 1 survivors (2048K)
 Metaspace       used 92056K, committed 92736K, reserved 1179648K
  class space    used 13039K, committed 13376K, reserved 1048576K
}
Event: 3642.308 GC heap after
{Heap after GC invocations=135 (full 7):
 garbage-first heap   total 524288K, used 167272K [0x0000000701800000, 0x0000000800000000)
  region size 2048K, 1 young (2048K), 1 survivors (2048K)
 Metaspace       used 92056K, committed 92736K, reserved 1179648K
  class space    used 13039K, committed 13376K, reserved 1048576K
}
Event: 3643.391 GC heap before
{Heap before GC invocations=135 (full 7):
 garbage-first heap   total 524288K, used 247144K [0x0000000701800000, 0x0000000800000000)
  region size 2048K, 40 young (81920K), 1 survivors (2048K)
 Metaspace       used 92056K, committed 92736K, reserved 1179648K
  class space    used 13039K, committed 13376K, reserved 1048576K
}
Event: 3643.394 GC heap after
{Heap after GC invocations=136 (full 7):
 garbage-first heap   total 524288K, used 167494K [0x0000000701800000, 0x0000000800000000)
  region size 2048K, 1 young (2048K), 1 survivors (2048K)
 Metaspace       used 92056K, committed 92736K, reserved 1179648K
  class space    used 13039K, committed 13376K, reserved 1048576K
}
Event: 3659.433 GC heap before
{Heap before GC invocations=136 (full 7):
 garbage-first heap   total 524288K, used 247366K [0x0000000701800000, 0x0000000800000000)
  region size 2048K, 40 young (81920K), 1 survivors (2048K)
 Metaspace       used 92085K, committed 92800K, reserved 1179648K
  class space    used 13039K, committed 13376K, reserved 1048576K
}
Event: 3659.437 GC heap after
{Heap after GC invocations=137 (full 7):
 garbage-first heap   total 524288K, used 167558K [0x0000000701800000, 0x0000000800000000)
  region size 2048K, 1 young (2048K), 1 survivors (2048K)
 Metaspace       used 92085K, committed 92800K, reserved 1179648K
  class space    used 13039K, committed 13376K, reserved 1048576K
}
Event: 3671.498 GC heap before
{Heap before GC invocations=137 (full 7):
 garbage-first heap   total 524288K, used 247430K [0x0000000701800000, 0x0000000800000000)
  region size 2048K, 40 young (81920K), 1 survivors (2048K)
 Metaspace       used 92085K, committed 92800K, reserved 1179648K
  class space    used 13039K, committed 13376K, reserved 1048576K
}
Event: 3671.501 GC heap after
{Heap after GC invocations=138 (full 7):
 garbage-first heap   total 524288K, used 167664K [0x0000000701800000, 0x0000000800000000)
  region size 2048K, 1 young (2048K), 1 survivors (2048K)
 Metaspace       used 92085K, committed 92800K, reserved 1179648K
  class space    used 13039K, committed 13376K, reserved 1048576K
}
Event: 3698.464 GC heap before
{Heap before GC invocations=138 (full 7):
 garbage-first heap   total 524288K, used 247536K [0x0000000701800000, 0x0000000800000000)
  region size 2048K, 40 young (81920K), 1 survivors (2048K)
 Metaspace       used 92098K, committed 92800K, reserved 1179648K
  class space    used 13039K, committed 13376K, reserved 1048576K
}
Event: 3698.469 GC heap after
{Heap after GC invocations=139 (full 7):
 garbage-first heap   total 524288K, used 167541K [0x0000000701800000, 0x0000000800000000)
  region size 2048K, 1 young (2048K), 1 survivors (2048K)
 Metaspace       used 92098K, committed 92800K, reserved 1179648K
  class space    used 13039K, committed 13376K, reserved 1048576K
}
Event: 3721.558 GC heap before
{Heap before GC invocations=139 (full 7):
 garbage-first heap   total 524288K, used 247413K [0x0000000701800000, 0x0000000800000000)
  region size 2048K, 40 young (81920K), 1 survivors (2048K)
 Metaspace       used 92105K, committed 92800K, reserved 1179648K
  class space    used 13039K, committed 13376K, reserved 1048576K
}
Event: 3721.561 GC heap after
{Heap after GC invocations=140 (full 7):
 garbage-first heap   total 524288K, used 167546K [0x0000000701800000, 0x0000000800000000)
  region size 2048K, 1 young (2048K), 1 survivors (2048K)
 Metaspace       used 92105K, committed 92800K, reserved 1179648K
  class space    used 13039K, committed 13376K, reserved 1048576K
}
Event: 3725.568 GC heap before
{Heap before GC invocations=140 (full 7):
 garbage-first heap   total 524288K, used 245370K [0x0000000701800000, 0x0000000800000000)
  region size 2048K, 40 young (81920K), 1 survivors (2048K)
 Metaspace       used 92131K, committed 92864K, reserved 1179648K
  class space    used 13039K, committed 13376K, reserved 1048576K
}
Event: 3725.571 GC heap after
{Heap after GC invocations=141 (full 7):
 garbage-first heap   total 524288K, used 167370K [0x0000000701800000, 0x0000000800000000)
  region size 2048K, 1 young (2048K), 1 survivors (2048K)
 Metaspace       used 92131K, committed 92864K, reserved 1179648K
  class space    used 13039K, committed 13376K, reserved 1048576K
}
Event: 3728.035 GC heap before
{Heap before GC invocations=141 (full 7):
 garbage-first heap   total 524288K, used 247242K [0x0000000701800000, 0x0000000800000000)
  region size 2048K, 40 young (81920K), 1 survivors (2048K)
 Metaspace       used 92147K, committed 92864K, reserved 1179648K
  class space    used 13039K, committed 13376K, reserved 1048576K
}
Event: 3728.037 GC heap after
{Heap after GC invocations=142 (full 7):
 garbage-first heap   total 524288K, used 167468K [0x0000000701800000, 0x0000000800000000)
  region size 2048K, 1 young (2048K), 1 survivors (2048K)
 Metaspace       used 92147K, committed 92864K, reserved 1179648K
  class space    used 13039K, committed 13376K, reserved 1048576K
}

