# JRE version: OpenJDK Runtime Environment Temurin-17.0.7+7 (17.0.7+7) (build 17.0.7+7)
# Java VM: OpenJDK 64-Bit Server VM Temurin-17.0.7+7 (17.0.7+7, mixed mode, sharing, tiered, compressed oops, compressed class ptrs, g1 gc, windows-amd64)
GC Precious Log:
 CPUs: 32 total, 32 available
 Memory: 65343M
 Large Page Support: Disabled
 NUMA Support: Disabled
 Compressed Oops: Enabled (Zero based)
 Heap Region Size: 2M
 Heap Min Capacity: 512M
 Heap Initial Capacity: 512M
 Heap Max Capacity: 4072M
 Pre-touch: Disabled
 Parallel Workers: 23
 Concurrent Workers: 6
 Concurrent Refinement Workers: 23
 Periodic GC: Disabled
 String Deduplication is enabled
Heap:
 garbage-first heap   total 524288K, used 170873K [0x0000000701800000, 0x0000000800000000)
  region size 2048K, 17 young (34816K), 1 survivors (2048K)
 Metaspace       used 89088K, committed 89856K, reserved 1179648K
  class space    used 12522K, committed 12928K, reserved 1048576K
GC Heap History (20 events):
Event: 1027.998 GC heap before
{Heap before GC invocations=161 (full 2):
 garbage-first heap   total 524288K, used 219550K [0x0000000701800000, 0x0000000800000000)
  region size 2048K, 40 young (81920K), 1 survivors (2048K)
 Metaspace       used 89029K, committed 89856K, reserved 1179648K
  class space    used 12522K, committed 12928K, reserved 1048576K
}
Event: 1028.001 GC heap after
{Heap after GC invocations=162 (full 2):
 garbage-first heap   total 524288K, used 141767K [0x0000000701800000, 0x0000000800000000)
  region size 2048K, 1 young (2048K), 1 survivors (2048K)
 Metaspace       used 89029K, committed 89856K, reserved 1179648K
  class space    used 12522K, committed 12928K, reserved 1048576K
}
Event: 1056.097 GC heap before
{Heap before GC invocations=162 (full 2):
 garbage-first heap   total 524288K, used 221639K [0x0000000701800000, 0x0000000800000000)
  region size 2048K, 40 young (81920K), 1 survivors (2048K)
 Metaspace       used 89032K, committed 89856K, reserved 1179648K
  class space    used 12522K, committed 12928K, reserved 1048576K
}
Event: 1056.101 GC heap after
{Heap after GC invocations=163 (full 2):
 garbage-first heap   total 524288K, used 142438K [0x0000000701800000, 0x0000000800000000)
  region size 2048K, 1 young (2048K), 1 survivors (2048K)
 Metaspace       used 89032K, committed 89856K, reserved 1179648K
  class space    used 12522K, committed 12928K, reserved 1048576K
}
Event: 1056.757 GC heap before
{Heap before GC invocations=163 (full 2):
 garbage-first heap   total 524288K, used 222310K [0x0000000701800000, 0x0000000800000000)
  region size 2048K, 40 young (81920K), 1 survivors (2048K)
 Metaspace       used 89032K, committed 89856K, reserved 1179648K
  class space    used 12522K, committed 12928K, reserved 1048576K
}
Event: 1056.763 GC heap after
{Heap after GC invocations=164 (full 2):
 garbage-first heap   total 524288K, used 141808K [0x0000000701800000, 0x0000000800000000)
  region size 2048K, 1 young (2048K), 1 survivors (2048K)
 Metaspace       used 89032K, committed 89856K, reserved 1179648K
  class space    used 12522K, committed 12928K, reserved 1048576K
}
Event: 1059.934 GC heap before
{Heap before GC invocations=164 (full 2):
 garbage-first heap   total 524288K, used 221680K [0x0000000701800000, 0x0000000800000000)
  region size 2048K, 40 young (81920K), 1 survivors (2048K)
 Metaspace       used 89062K, committed 89856K, reserved 1179648K
  class space    used 12522K, committed 12928K, reserved 1048576K
}
Event: 1059.938 GC heap after
{Heap after GC invocations=165 (full 2):
 garbage-first heap   total 524288K, used 142471K [0x0000000701800000, 0x0000000800000000)
  region size 2048K, 1 young (2048K), 1 survivors (2048K)
 Metaspace       used 89062K, committed 89856K, reserved 1179648K
  class space    used 12522K, committed 12928K, reserved 1048576K
}
Event: 1063.061 GC heap before
{Heap before GC invocations=165 (full 2):
 garbage-first heap   total 524288K, used 222343K [0x0000000701800000, 0x0000000800000000)
  region size 2048K, 40 young (81920K), 1 survivors (2048K)
 Metaspace       used 89064K, committed 89856K, reserved 1179648K
  class space    used 12522K, committed 12928K, reserved 1048576K
}
Event: 1063.067 GC heap after
{Heap after GC invocations=166 (full 2):
 garbage-first heap   total 524288K, used 142284K [0x0000000701800000, 0x0000000800000000)
  region size 2048K, 1 young (2048K), 1 survivors (2048K)
 Metaspace       used 89064K, committed 89856K, reserved 1179648K
  class space    used 12522K, committed 12928K, reserved 1048576K
}
Event: 1064.117 GC heap before
{Heap before GC invocations=166 (full 2):
 garbage-first heap   total 524288K, used 222156K [0x0000000701800000, 0x0000000800000000)
  region size 2048K, 40 young (81920K), 1 survivors (2048K)
 Metaspace       used 89065K, committed 89856K, reserved 1179648K
  class space    used 12522K, committed 12928K, reserved 1048576K
}
Event: 1064.120 GC heap after
{Heap after GC invocations=167 (full 2):
 garbage-first heap   total 524288K, used 141951K [0x0000000701800000, 0x0000000800000000)
  region size 2048K, 1 young (2048K), 1 survivors (2048K)
 Metaspace       used 89065K, committed 89856K, reserved 1179648K
  class space    used 12522K, committed 12928K, reserved 1048576K
}
Event: 1065.931 GC heap before
{Heap before GC invocations=167 (full 2):
 garbage-first heap   total 524288K, used 219775K [0x0000000701800000, 0x0000000800000000)
  region size 2048K, 40 young (81920K), 1 survivors (2048K)
 Metaspace       used 89065K, committed 89856K, reserved 1179648K
  class space    used 12522K, committed 12928K, reserved 1048576K
}
Event: 1065.935 GC heap after
{Heap after GC invocations=168 (full 2):
 garbage-first heap   total 524288K, used 142456K [0x0000000701800000, 0x0000000800000000)
  region size 2048K, 1 young (2048K), 1 survivors (2048K)
 Metaspace       used 89065K, committed 89856K, reserved 1179648K
  class space    used 12522K, committed 12928K, reserved 1048576K
}
Event: 1068.709 GC heap before
{Heap before GC invocations=168 (full 2):
 garbage-first heap   total 524288K, used 222328K [0x0000000701800000, 0x0000000800000000)
  region size 2048K, 40 young (81920K), 1 survivors (2048K)
 Metaspace       used 89066K, committed 89856K, reserved 1179648K
  class space    used 12522K, committed 12928K, reserved 1048576K
}
Event: 1068.712 GC heap after
{Heap after GC invocations=169 (full 2):
 garbage-first heap   total 524288K, used 142195K [0x0000000701800000, 0x0000000800000000)
  region size 2048K, 1 young (2048K), 1 survivors (2048K)
 Metaspace       used 89066K, committed 89856K, reserved 1179648K
  class space    used 12522K, committed 12928K, reserved 1048576K
}
Event: 1072.247 GC heap before
{Heap before GC invocations=169 (full 2):
 garbage-first heap   total 524288K, used 222067K [0x0000000701800000, 0x0000000800000000)
  region size 2048K, 40 young (81920K), 1 survivors (2048K)
 Metaspace       used 89073K, committed 89856K, reserved 1179648K
  class space    used 12522K, committed 12928K, reserved 1048576K
}
Event: 1072.251 GC heap after
{Heap after GC invocations=170 (full 2):
 garbage-first heap   total 524288K, used 142151K [0x0000000701800000, 0x0000000800000000)
  region size 2048K, 1 young (2048K), 1 survivors (2048K)
 Metaspace       used 89073K, committed 89856K, reserved 1179648K
  class space    used 12522K, committed 12928K, reserved 1048576K
}
Event: 1076.883 GC heap before
{Heap before GC invocations=170 (full 2):
 garbage-first heap   total 524288K, used 222023K [0x0000000701800000, 0x0000000800000000)
  region size 2048K, 40 young (81920K), 1 survivors (2048K)
 Metaspace       used 89083K, committed 89856K, reserved 1179648K
  class space    used 12522K, committed 12928K, reserved 1048576K
}
Event: 1076.885 GC heap after
{Heap after GC invocations=171 (full 2):
 garbage-first heap   total 524288K, used 142201K [0x0000000701800000, 0x0000000800000000)
  region size 2048K, 1 young (2048K), 1 survivors (2048K)
 Metaspace       used 89083K, committed 89856K, reserved 1179648K
  class space    used 12522K, committed 12928K, reserved 1048576K
}

