# JRE version: OpenJDK Runtime Environment Temurin-17.0.7+7 (17.0.7+7) (build 17.0.7+7)
# Java VM: OpenJDK 64-Bit Server VM Temurin-17.0.7+7 (17.0.7+7, mixed mode, sharing, tiered, compressed oops, compressed class ptrs, g1 gc, windows-amd64)
GC Precious Log:
 CPUs: 32 total, 32 available
 Memory: 65343M
 Large Page Support: Disabled
 NUMA Support: Disabled
 Compressed Oops: Enabled (Zero based)
 Heap Region Size: 2M
 Heap Min Capacity: 512M
 Heap Initial Capacity: 512M
 Heap Max Capacity: 4072M
 Pre-touch: Disabled
 Parallel Workers: 23
 Concurrent Workers: 6
 Concurrent Refinement Workers: 23
 Periodic GC: Disabled
 String Deduplication is enabled
Heap:
 garbage-first heap   total 524288K, used 211870K [0x0000000701800000, 0x0000000800000000)
  region size 2048K, 24 young (49152K), 1 survivors (2048K)
 Metaspace       used 91409K, committed 92160K, reserved 1179648K
  class space    used 12930K, committed 13312K, reserved 1048576K
GC Heap History (20 events):
Event: 2219.570 GC heap before
{Heap before GC invocations=174 (full 4):
 garbage-first heap   total 524288K, used 239906K [0x0000000701800000, 0x0000000800000000)
  region size 2048K, 40 young (81920K), 2 survivors (4096K)
 Metaspace       used 91290K, committed 92096K, reserved 1179648K
  class space    used 12929K, committed 13312K, reserved 1048576K
}
Event: 2219.572 GC heap after
{Heap after GC invocations=175 (full 4):
 garbage-first heap   total 524288K, used 162079K [0x0000000701800000, 0x0000000800000000)
  region size 2048K, 1 young (2048K), 1 survivors (2048K)
 Metaspace       used 91290K, committed 92096K, reserved 1179648K
  class space    used 12929K, committed 13312K, reserved 1048576K
}
Event: 2222.502 GC heap before
{Heap before GC invocations=175 (full 4):
 garbage-first heap   total 524288K, used 241951K [0x0000000701800000, 0x0000000800000000)
  region size 2048K, 40 young (81920K), 1 survivors (2048K)
 Metaspace       used 91290K, committed 92096K, reserved 1179648K
  class space    used 12929K, committed 13312K, reserved 1048576K
}
Event: 2222.506 GC heap after
{Heap after GC invocations=176 (full 4):
 garbage-first heap   total 524288K, used 162065K [0x0000000701800000, 0x0000000800000000)
  region size 2048K, 1 young (2048K), 1 survivors (2048K)
 Metaspace       used 91290K, committed 92096K, reserved 1179648K
  class space    used 12929K, committed 13312K, reserved 1048576K
}
Event: 2228.733 GC heap before
{Heap before GC invocations=176 (full 4):
 garbage-first heap   total 524288K, used 274705K [0x0000000701800000, 0x0000000800000000)
  region size 2048K, 40 young (81920K), 1 survivors (2048K)
 Metaspace       used 91314K, committed 92096K, reserved 1179648K
  class space    used 12930K, committed 13312K, reserved 1048576K
}
Event: 2228.740 GC heap after
{Heap after GC invocations=177 (full 4):
 garbage-first heap   total 524288K, used 197910K [0x0000000701800000, 0x0000000800000000)
  region size 2048K, 2 young (4096K), 2 survivors (4096K)
 Metaspace       used 91314K, committed 92096K, reserved 1179648K
  class space    used 12930K, committed 13312K, reserved 1048576K
}
Event: 2229.420 GC heap before
{Heap before GC invocations=177 (full 4):
 garbage-first heap   total 524288K, used 275734K [0x0000000701800000, 0x0000000800000000)
  region size 2048K, 40 young (81920K), 2 survivors (4096K)
 Metaspace       used 91315K, committed 92096K, reserved 1179648K
  class space    used 12930K, committed 13312K, reserved 1048576K
}
Event: 2229.424 GC heap after
{Heap after GC invocations=178 (full 4):
 garbage-first heap   total 524288K, used 179644K [0x0000000701800000, 0x0000000800000000)
  region size 2048K, 2 young (4096K), 2 survivors (4096K)
 Metaspace       used 91315K, committed 92096K, reserved 1179648K
  class space    used 12930K, committed 13312K, reserved 1048576K
}
Event: 2229.507 GC heap before
{Heap before GC invocations=178 (full 4):
 garbage-first heap   total 524288K, used 257468K [0x0000000701800000, 0x0000000800000000)
  region size 2048K, 40 young (81920K), 2 survivors (4096K)
 Metaspace       used 91329K, committed 92096K, reserved 1179648K
  class space    used 12930K, committed 13312K, reserved 1048576K
}
Event: 2229.510 GC heap after
{Heap after GC invocations=179 (full 4):
 garbage-first heap   total 524288K, used 180116K [0x0000000701800000, 0x0000000800000000)
  region size 2048K, 2 young (4096K), 2 survivors (4096K)
 Metaspace       used 91329K, committed 92096K, reserved 1179648K
  class space    used 12930K, committed 13312K, reserved 1048576K
}
Event: 2229.718 GC heap before
{Heap before GC invocations=179 (full 4):
 garbage-first heap   total 524288K, used 257940K [0x0000000701800000, 0x0000000800000000)
  region size 2048K, 40 young (81920K), 2 survivors (4096K)
 Metaspace       used 91358K, committed 92160K, reserved 1179648K
  class space    used 12930K, committed 13312K, reserved 1048576K
}
Event: 2229.722 GC heap after
{Heap after GC invocations=180 (full 4):
 garbage-first heap   total 524288K, used 184207K [0x0000000701800000, 0x0000000800000000)
  region size 2048K, 4 young (8192K), 4 survivors (8192K)
 Metaspace       used 91358K, committed 92160K, reserved 1179648K
  class space    used 12930K, committed 13312K, reserved 1048576K
}
Event: 2233.880 GC heap before
{Heap before GC invocations=180 (full 4):
 garbage-first heap   total 524288K, used 294799K [0x0000000701800000, 0x0000000800000000)
  region size 2048K, 40 young (81920K), 4 survivors (8192K)
 Metaspace       used 91390K, committed 92160K, reserved 1179648K
  class space    used 12930K, committed 13312K, reserved 1048576K
}
Event: 2233.886 GC heap after
{Heap after GC invocations=181 (full 4):
 garbage-first heap   total 524288K, used 222067K [0x0000000701800000, 0x0000000800000000)
  region size 2048K, 3 young (6144K), 3 survivors (6144K)
 Metaspace       used 91390K, committed 92160K, reserved 1179648K
  class space    used 12930K, committed 13312K, reserved 1048576K
}
Event: 2234.806 GC heap before
{Heap before GC invocations=181 (full 4):
 garbage-first heap   total 524288K, used 224115K [0x0000000701800000, 0x0000000800000000)
  region size 2048K, 5 young (10240K), 3 survivors (6144K)
 Metaspace       used 91390K, committed 92160K, reserved 1179648K
  class space    used 12930K, committed 13312K, reserved 1048576K
}
Event: 2234.860 GC heap after
{Heap after GC invocations=182 (full 5):
 garbage-first heap   total 524288K, used 120819K [0x0000000701800000, 0x0000000800000000)
  region size 2048K, 0 young (0K), 0 survivors (0K)
 Metaspace       used 91390K, committed 92160K, reserved 1179648K
  class space    used 12930K, committed 13312K, reserved 1048576K
}
Event: 2259.650 GC heap before
{Heap before GC invocations=182 (full 5):
 garbage-first heap   total 524288K, used 202739K [0x0000000701800000, 0x0000000800000000)
  region size 2048K, 40 young (81920K), 0 survivors (0K)
 Metaspace       used 91394K, committed 92160K, reserved 1179648K
  class space    used 12930K, committed 13312K, reserved 1048576K
}
Event: 2259.652 GC heap after
{Heap after GC invocations=183 (full 5):
 garbage-first heap   total 524288K, used 122037K [0x0000000701800000, 0x0000000800000000)
  region size 2048K, 1 young (2048K), 1 survivors (2048K)
 Metaspace       used 91394K, committed 92160K, reserved 1179648K
  class space    used 12930K, committed 13312K, reserved 1048576K
}
Event: 2273.963 GC heap before
{Heap before GC invocations=183 (full 5):
 garbage-first heap   total 524288K, used 246965K [0x0000000701800000, 0x0000000800000000)
  region size 2048K, 40 young (81920K), 1 survivors (2048K)
 Metaspace       used 91403K, committed 92160K, reserved 1179648K
  class space    used 12930K, committed 13312K, reserved 1048576K
}
Event: 2273.966 GC heap after
{Heap after GC invocations=184 (full 5):
 garbage-first heap   total 524288K, used 166814K [0x0000000701800000, 0x0000000800000000)
  region size 2048K, 1 young (2048K), 1 survivors (2048K)
 Metaspace       used 91403K, committed 92160K, reserved 1179648K
  class space    used 12930K, committed 13312K, reserved 1048576K
}

