# JRE version: OpenJDK Runtime Environment Temurin-17.0.7+7 (17.0.7+7) (build 17.0.7+7)
# Java VM: OpenJDK 64-Bit Server VM Temurin-17.0.7+7 (17.0.7+7, mixed mode, sharing, tiered, compressed oops, compressed class ptrs, g1 gc, windows-amd64)
GC Precious Log:
 CPUs: 32 total, 32 available
 Memory: 65343M
 Large Page Support: Disabled
 NUMA Support: Disabled
 Compressed Oops: Enabled (Zero based)
 Heap Region Size: 2M
 Heap Min Capacity: 512M
 Heap Initial Capacity: 512M
 Heap Max Capacity: 4072M
 Pre-touch: Disabled
 Parallel Workers: 23
 Concurrent Workers: 6
 Concurrent Refinement Workers: 23
 Periodic GC: Disabled
 String Deduplication is enabled
Heap:
 garbage-first heap   total 524288K, used 199278K [0x0000000701800000, 0x0000000800000000)
  region size 2048K, 39 young (79872K), 1 survivors (2048K)
 Metaspace       used 92998K, committed 94272K, reserved 1179648K
  class space    used 13114K, committed 13632K, reserved 1048576K
GC Heap History (20 events):
Event: 4447.536 GC heap before
{Heap before GC invocations=494 (full 9):
 garbage-first heap   total 524288K, used 201355K [0x0000000701800000, 0x0000000800000000)
  region size 2048K, 40 young (81920K), 2 survivors (4096K)
 Metaspace       used 92918K, committed 94208K, reserved 1179648K
  class space    used 13109K, committed 13632K, reserved 1048576K
}
Event: 4447.539 GC heap after
{Heap after GC invocations=495 (full 9):
 garbage-first heap   total 524288K, used 123806K [0x0000000701800000, 0x0000000800000000)
  region size 2048K, 1 young (2048K), 1 survivors (2048K)
 Metaspace       used 92918K, committed 94208K, reserved 1179648K
  class space    used 13109K, committed 13632K, reserved 1048576K
}
Event: 4465.472 GC heap before
{Heap before GC invocations=495 (full 9):
 garbage-first heap   total 524288K, used 203678K [0x0000000701800000, 0x0000000800000000)
  region size 2048K, 40 young (81920K), 1 survivors (2048K)
 Metaspace       used 92921K, committed 94208K, reserved 1179648K
  class space    used 13109K, committed 13632K, reserved 1048576K
}
Event: 4465.475 GC heap after
{Heap after GC invocations=496 (full 9):
 garbage-first heap   total 524288K, used 123449K [0x0000000701800000, 0x0000000800000000)
  region size 2048K, 1 young (2048K), 1 survivors (2048K)
 Metaspace       used 92921K, committed 94208K, reserved 1179648K
  class space    used 13109K, committed 13632K, reserved 1048576K
}
Event: 4475.035 GC heap before
{Heap before GC invocations=496 (full 9):
 garbage-first heap   total 524288K, used 203321K [0x0000000701800000, 0x0000000800000000)
  region size 2048K, 40 young (81920K), 1 survivors (2048K)
 Metaspace       used 92925K, committed 94208K, reserved 1179648K
  class space    used 13109K, committed 13632K, reserved 1048576K
}
Event: 4475.037 GC heap after
{Heap after GC invocations=497 (full 9):
 garbage-first heap   total 524288K, used 123419K [0x0000000701800000, 0x0000000800000000)
  region size 2048K, 1 young (2048K), 1 survivors (2048K)
 Metaspace       used 92925K, committed 94208K, reserved 1179648K
  class space    used 13109K, committed 13632K, reserved 1048576K
}
Event: 4489.344 GC heap before
{Heap before GC invocations=497 (full 9):
 garbage-first heap   total 524288K, used 203291K [0x0000000701800000, 0x0000000800000000)
  region size 2048K, 40 young (81920K), 1 survivors (2048K)
 Metaspace       used 92925K, committed 94208K, reserved 1179648K
  class space    used 13109K, committed 13632K, reserved 1048576K
}
Event: 4489.348 GC heap after
{Heap after GC invocations=498 (full 9):
 garbage-first heap   total 524288K, used 123454K [0x0000000701800000, 0x0000000800000000)
  region size 2048K, 1 young (2048K), 1 survivors (2048K)
 Metaspace       used 92925K, committed 94208K, reserved 1179648K
  class space    used 13109K, committed 13632K, reserved 1048576K
}
Event: 4506.106 GC heap before
{Heap before GC invocations=498 (full 9):
 garbage-first heap   total 524288K, used 203326K [0x0000000701800000, 0x0000000800000000)
  region size 2048K, 40 young (81920K), 1 survivors (2048K)
 Metaspace       used 92925K, committed 94208K, reserved 1179648K
  class space    used 13109K, committed 13632K, reserved 1048576K
}
Event: 4506.111 GC heap after
{Heap after GC invocations=499 (full 9):
 garbage-first heap   total 524288K, used 123449K [0x0000000701800000, 0x0000000800000000)
  region size 2048K, 1 young (2048K), 1 survivors (2048K)
 Metaspace       used 92925K, committed 94208K, reserved 1179648K
  class space    used 13109K, committed 13632K, reserved 1048576K
}
Event: 4550.217 GC heap before
{Heap before GC invocations=499 (full 9):
 garbage-first heap   total 524288K, used 203321K [0x0000000701800000, 0x0000000800000000)
  region size 2048K, 40 young (81920K), 1 survivors (2048K)
 Metaspace       used 92930K, committed 94208K, reserved 1179648K
  class space    used 13109K, committed 13632K, reserved 1048576K
}
Event: 4550.220 GC heap after
{Heap after GC invocations=500 (full 9):
 garbage-first heap   total 524288K, used 123495K [0x0000000701800000, 0x0000000800000000)
  region size 2048K, 1 young (2048K), 1 survivors (2048K)
 Metaspace       used 92930K, committed 94208K, reserved 1179648K
  class space    used 13109K, committed 13632K, reserved 1048576K
}
Event: 4556.337 GC heap before
{Heap before GC invocations=500 (full 9):
 garbage-first heap   total 524288K, used 203367K [0x0000000701800000, 0x0000000800000000)
  region size 2048K, 41 young (83968K), 1 survivors (2048K)
 Metaspace       used 92931K, committed 94208K, reserved 1179648K
  class space    used 13109K, committed 13632K, reserved 1048576K
}
Event: 4556.341 GC heap after
{Heap after GC invocations=501 (full 9):
 garbage-first heap   total 524288K, used 123489K [0x0000000701800000, 0x0000000800000000)
  region size 2048K, 1 young (2048K), 1 survivors (2048K)
 Metaspace       used 92931K, committed 94208K, reserved 1179648K
  class space    used 13109K, committed 13632K, reserved 1048576K
}
Event: 4563.205 GC heap before
{Heap before GC invocations=501 (full 9):
 garbage-first heap   total 524288K, used 203361K [0x0000000701800000, 0x0000000800000000)
  region size 2048K, 40 young (81920K), 1 survivors (2048K)
 Metaspace       used 92931K, committed 94208K, reserved 1179648K
  class space    used 13109K, committed 13632K, reserved 1048576K
}
Event: 4563.208 GC heap after
{Heap after GC invocations=502 (full 9):
 garbage-first heap   total 524288K, used 123418K [0x0000000701800000, 0x0000000800000000)
  region size 2048K, 1 young (2048K), 1 survivors (2048K)
 Metaspace       used 92931K, committed 94208K, reserved 1179648K
  class space    used 13109K, committed 13632K, reserved 1048576K
}
Event: 4571.732 GC heap before
{Heap before GC invocations=502 (full 9):
 garbage-first heap   total 524288K, used 203290K [0x0000000701800000, 0x0000000800000000)
  region size 2048K, 40 young (81920K), 1 survivors (2048K)
 Metaspace       used 92932K, committed 94208K, reserved 1179648K
  class space    used 13109K, committed 13632K, reserved 1048576K
}
Event: 4571.737 GC heap after
{Heap after GC invocations=503 (full 9):
 garbage-first heap   total 524288K, used 123494K [0x0000000701800000, 0x0000000800000000)
  region size 2048K, 1 young (2048K), 1 survivors (2048K)
 Metaspace       used 92932K, committed 94208K, reserved 1179648K
  class space    used 13109K, committed 13632K, reserved 1048576K
}
Event: 4577.944 GC heap before
{Heap before GC invocations=503 (full 9):
 garbage-first heap   total 524288K, used 203366K [0x0000000701800000, 0x0000000800000000)
  region size 2048K, 40 young (81920K), 1 survivors (2048K)
 Metaspace       used 92932K, committed 94208K, reserved 1179648K
  class space    used 13109K, committed 13632K, reserved 1048576K
}
Event: 4577.947 GC heap after
{Heap after GC invocations=504 (full 9):
 garbage-first heap   total 524288K, used 123502K [0x0000000701800000, 0x0000000800000000)
  region size 2048K, 1 young (2048K), 1 survivors (2048K)
 Metaspace       used 92932K, committed 94208K, reserved 1179648K
  class space    used 13109K, committed 13632K, reserved 1048576K
}

