# JRE version: OpenJDK Runtime Environment Temurin-17.0.7+7 (17.0.7+7) (build 17.0.7+7)
# Java VM: OpenJDK 64-Bit Server VM Temurin-17.0.7+7 (17.0.7+7, mixed mode, sharing, tiered, compressed oops, compressed class ptrs, g1 gc, windows-amd64)
GC Precious Log:
 CPUs: 32 total, 32 available
 Memory: 65343M
 Large Page Support: Disabled
 NUMA Support: Disabled
 Compressed Oops: Enabled (Zero based)
 Heap Region Size: 2M
 Heap Min Capacity: 512M
 Heap Initial Capacity: 512M
 Heap Max Capacity: 4072M
 Pre-touch: Disabled
 Parallel Workers: 23
 Concurrent Workers: 6
 Concurrent Refinement Workers: 23
 Periodic GC: Disabled
 String Deduplication is enabled
Heap:
 garbage-first heap   total 524288K, used 203138K [0x0000000701800000, 0x0000000800000000)
  region size 2048K, 37 young (75776K), 3 survivors (6144K)
 Metaspace       used 85472K, committed 86144K, reserved 1179648K
  class space    used 12327K, committed 12672K, reserved 1048576K
GC Heap History (20 events):
Event: 329.700 GC heap before
{Heap before GC invocations=30 (full 1):
 garbage-first heap   total 524288K, used 179216K [0x0000000701800000, 0x0000000800000000)
  region size 2048K, 40 young (81920K), 3 survivors (6144K)
 Metaspace       used 79833K, committed 80384K, reserved 1179648K
  class space    used 10988K, committed 11264K, reserved 1048576K
}
Event: 329.707 GC heap after
{Heap after GC invocations=31 (full 1):
 garbage-first heap   total 524288K, used 103462K [0x0000000701800000, 0x0000000800000000)
  region size 2048K, 3 young (6144K), 3 survivors (6144K)
 Metaspace       used 79833K, committed 80384K, reserved 1179648K
  class space    used 10988K, committed 11264K, reserved 1048576K
}
Event: 329.985 GC heap before
{Heap before GC invocations=31 (full 1):
 garbage-first heap   total 524288K, used 179238K [0x0000000701800000, 0x0000000800000000)
  region size 2048K, 40 young (81920K), 3 survivors (6144K)
 Metaspace       used 79866K, committed 80448K, reserved 1179648K
  class space    used 10989K, committed 11264K, reserved 1048576K
}
Event: 329.990 GC heap after
{Heap after GC invocations=32 (full 1):
 garbage-first heap   total 524288K, used 103513K [0x0000000701800000, 0x0000000800000000)
  region size 2048K, 3 young (6144K), 3 survivors (6144K)
 Metaspace       used 79866K, committed 80448K, reserved 1179648K
  class space    used 10989K, committed 11264K, reserved 1048576K
}
Event: 330.608 GC heap before
{Heap before GC invocations=32 (full 1):
 garbage-first heap   total 524288K, used 179289K [0x0000000701800000, 0x0000000800000000)
  region size 2048K, 40 young (81920K), 3 survivors (6144K)
 Metaspace       used 81596K, committed 82112K, reserved 1179648K
  class space    used 11463K, committed 11712K, reserved 1048576K
}
Event: 330.613 GC heap after
{Heap after GC invocations=33 (full 1):
 garbage-first heap   total 524288K, used 107202K [0x0000000701800000, 0x0000000800000000)
  region size 2048K, 5 young (10240K), 5 survivors (10240K)
 Metaspace       used 81596K, committed 82112K, reserved 1179648K
  class space    used 11463K, committed 11712K, reserved 1048576K
}
Event: 331.409 GC heap before
{Heap before GC invocations=33 (full 1):
 garbage-first heap   total 524288K, used 178882K [0x0000000701800000, 0x0000000800000000)
  region size 2048K, 40 young (81920K), 5 survivors (10240K)
 Metaspace       used 84759K, committed 85440K, reserved 1179648K
  class space    used 12274K, committed 12608K, reserved 1048576K
}
Event: 331.423 GC heap after
{Heap after GC invocations=34 (full 1):
 garbage-first heap   total 524288K, used 123005K [0x0000000701800000, 0x0000000800000000)
  region size 2048K, 5 young (10240K), 5 survivors (10240K)
 Metaspace       used 84759K, committed 85440K, reserved 1179648K
  class space    used 12274K, committed 12608K, reserved 1048576K
}
Event: 333.229 GC heap before
{Heap before GC invocations=34 (full 1):
 garbage-first heap   total 524288K, used 237693K [0x0000000701800000, 0x0000000800000000)
  region size 2048K, 36 young (73728K), 5 survivors (10240K)
 Metaspace       used 84843K, committed 85440K, reserved 1179648K
  class space    used 12278K, committed 12608K, reserved 1048576K
}
Event: 333.280 GC heap after
{Heap after GC invocations=35 (full 2):
 garbage-first heap   total 524288K, used 115667K [0x0000000701800000, 0x0000000800000000)
  region size 2048K, 0 young (0K), 0 survivors (0K)
 Metaspace       used 84843K, committed 85440K, reserved 1179648K
  class space    used 12278K, committed 12608K, reserved 1048576K
}
Event: 338.399 GC heap before
{Heap before GC invocations=35 (full 2):
 garbage-first heap   total 524288K, used 197587K [0x0000000701800000, 0x0000000800000000)
  region size 2048K, 40 young (81920K), 0 survivors (0K)
 Metaspace       used 85125K, committed 85760K, reserved 1179648K
  class space    used 12303K, committed 12608K, reserved 1048576K
}
Event: 338.401 GC heap after
{Heap after GC invocations=36 (full 2):
 garbage-first heap   total 524288K, used 118511K [0x0000000701800000, 0x0000000800000000)
  region size 2048K, 2 young (4096K), 2 survivors (4096K)
 Metaspace       used 85125K, committed 85760K, reserved 1179648K
  class space    used 12303K, committed 12608K, reserved 1048576K
}
Event: 338.644 GC heap before
{Heap before GC invocations=36 (full 2):
 garbage-first heap   total 524288K, used 196335K [0x0000000701800000, 0x0000000800000000)
  region size 2048K, 40 young (81920K), 2 survivors (4096K)
 Metaspace       used 85226K, committed 85824K, reserved 1179648K
  class space    used 12306K, committed 12608K, reserved 1048576K
}
Event: 338.645 GC heap after
{Heap after GC invocations=37 (full 2):
 garbage-first heap   total 524288K, used 118197K [0x0000000701800000, 0x0000000800000000)
  region size 2048K, 2 young (4096K), 2 survivors (4096K)
 Metaspace       used 85226K, committed 85824K, reserved 1179648K
  class space    used 12306K, committed 12608K, reserved 1048576K
}
Event: 338.844 GC heap before
{Heap before GC invocations=37 (full 2):
 garbage-first heap   total 524288K, used 196021K [0x0000000701800000, 0x0000000800000000)
  region size 2048K, 40 young (81920K), 2 survivors (4096K)
 Metaspace       used 85244K, committed 85888K, reserved 1179648K
  class space    used 12306K, committed 12608K, reserved 1048576K
}
Event: 338.846 GC heap after
{Heap after GC invocations=38 (full 2):
 garbage-first heap   total 524288K, used 119717K [0x0000000701800000, 0x0000000800000000)
  region size 2048K, 2 young (4096K), 2 survivors (4096K)
 Metaspace       used 85244K, committed 85888K, reserved 1179648K
  class space    used 12306K, committed 12608K, reserved 1048576K
}
Event: 338.940 GC heap before
{Heap before GC invocations=38 (full 2):
 garbage-first heap   total 524288K, used 197541K [0x0000000701800000, 0x0000000800000000)
  region size 2048K, 40 young (81920K), 2 survivors (4096K)
 Metaspace       used 85253K, committed 85888K, reserved 1179648K
  class space    used 12307K, committed 12608K, reserved 1048576K
}
Event: 338.942 GC heap after
{Heap after GC invocations=39 (full 2):
 garbage-first heap   total 524288K, used 119872K [0x0000000701800000, 0x0000000800000000)
  region size 2048K, 3 young (6144K), 3 survivors (6144K)
 Metaspace       used 85253K, committed 85888K, reserved 1179648K
  class space    used 12307K, committed 12608K, reserved 1048576K
}
Event: 339.181 GC heap before
{Heap before GC invocations=39 (full 2):
 garbage-first heap   total 524288K, used 212032K [0x0000000701800000, 0x0000000800000000)
  region size 2048K, 40 young (81920K), 3 survivors (6144K)
 Metaspace       used 85356K, committed 86016K, reserved 1179648K
  class space    used 12308K, committed 12608K, reserved 1048576K
}
Event: 339.184 GC heap after
{Heap after GC invocations=40 (full 2):
 garbage-first heap   total 524288K, used 137602K [0x0000000701800000, 0x0000000800000000)
  region size 2048K, 3 young (6144K), 3 survivors (6144K)
 Metaspace       used 85356K, committed 86016K, reserved 1179648K
  class space    used 12308K, committed 12608K, reserved 1048576K
}

