# JRE version: OpenJDK Runtime Environment Temurin-17.0.7+7 (17.0.7+7) (build 17.0.7+7)
# Java VM: OpenJDK 64-Bit Server VM Temurin-17.0.7+7 (17.0.7+7, mixed mode, sharing, tiered, compressed oops, compressed class ptrs, g1 gc, windows-amd64)
GC Precious Log:
 CPUs: 32 total, 32 available
 Memory: 65343M
 Large Page Support: Disabled
 NUMA Support: Disabled
 Compressed Oops: Enabled (Zero based)
 Heap Region Size: 2M
 Heap Min Capacity: 512M
 Heap Initial Capacity: 512M
 Heap Max Capacity: 4072M
 Pre-touch: Disabled
 Parallel Workers: 23
 Concurrent Workers: 6
 Concurrent Refinement Workers: 23
 Periodic GC: Disabled
 String Deduplication is enabled
Heap:
 garbage-first heap   total 524288K, used 231921K [0x0000000701800000, 0x0000000800000000)
  region size 2048K, 39 young (79872K), 1 survivors (2048K)
 Metaspace       used 89155K, committed 89920K, reserved 1179648K
  class space    used 12596K, committed 12928K, reserved 1048576K
GC Heap History (20 events):
Event: 793.195 GC heap before
{Heap before GC invocations=71 (full 2):
 garbage-first heap   total 524288K, used 235410K [0x0000000701800000, 0x0000000800000000)
  region size 2048K, 40 young (81920K), 1 survivors (2048K)
 Metaspace       used 88373K, committed 89152K, reserved 1179648K
  class space    used 12545K, committed 12928K, reserved 1048576K
}
Event: 793.198 GC heap after
{Heap after GC invocations=72 (full 2):
 garbage-first heap   total 524288K, used 155485K [0x0000000701800000, 0x0000000800000000)
  region size 2048K, 1 young (2048K), 1 survivors (2048K)
 Metaspace       used 88373K, committed 89152K, reserved 1179648K
  class space    used 12545K, committed 12928K, reserved 1048576K
}
Event: 814.210 GC heap before
{Heap before GC invocations=72 (full 2):
 garbage-first heap   total 524288K, used 235357K [0x0000000701800000, 0x0000000800000000)
  region size 2048K, 40 young (81920K), 1 survivors (2048K)
 Metaspace       used 88698K, committed 89408K, reserved 1179648K
  class space    used 12579K, committed 12928K, reserved 1048576K
}
Event: 814.212 GC heap after
{Heap after GC invocations=73 (full 2):
 garbage-first heap   total 524288K, used 156128K [0x0000000701800000, 0x0000000800000000)
  region size 2048K, 2 young (4096K), 2 survivors (4096K)
 Metaspace       used 88698K, committed 89408K, reserved 1179648K
  class space    used 12579K, committed 12928K, reserved 1048576K
}
Event: 815.006 GC heap before
{Heap before GC invocations=73 (full 2):
 garbage-first heap   total 524288K, used 233952K [0x0000000701800000, 0x0000000800000000)
  region size 2048K, 40 young (81920K), 2 survivors (4096K)
 Metaspace       used 88779K, committed 89472K, reserved 1179648K
  class space    used 12583K, committed 12928K, reserved 1048576K
}
Event: 815.008 GC heap after
{Heap after GC invocations=74 (full 2):
 garbage-first heap   total 524288K, used 156672K [0x0000000701800000, 0x0000000800000000)
  region size 2048K, 2 young (4096K), 2 survivors (4096K)
 Metaspace       used 88779K, committed 89472K, reserved 1179648K
  class space    used 12583K, committed 12928K, reserved 1048576K
}
Event: 817.009 GC heap before
{Heap before GC invocations=74 (full 2):
 garbage-first heap   total 524288K, used 234496K [0x0000000701800000, 0x0000000800000000)
  region size 2048K, 40 young (81920K), 2 survivors (4096K)
 Metaspace       used 88795K, committed 89536K, reserved 1179648K
  class space    used 12583K, committed 12928K, reserved 1048576K
}
Event: 817.012 GC heap after
{Heap after GC invocations=75 (full 2):
 garbage-first heap   total 524288K, used 156268K [0x0000000701800000, 0x0000000800000000)
  region size 2048K, 1 young (2048K), 1 survivors (2048K)
 Metaspace       used 88795K, committed 89536K, reserved 1179648K
  class space    used 12583K, committed 12928K, reserved 1048576K
}
Event: 837.163 GC heap before
{Heap before GC invocations=75 (full 2):
 garbage-first heap   total 524288K, used 236140K [0x0000000701800000, 0x0000000800000000)
  region size 2048K, 40 young (81920K), 1 survivors (2048K)
 Metaspace       used 88951K, committed 89664K, reserved 1179648K
  class space    used 12596K, committed 12928K, reserved 1048576K
}
Event: 837.167 GC heap after
{Heap after GC invocations=76 (full 2):
 garbage-first heap   total 524288K, used 156672K [0x0000000701800000, 0x0000000800000000)
  region size 2048K, 2 young (4096K), 2 survivors (4096K)
 Metaspace       used 88951K, committed 89664K, reserved 1179648K
  class space    used 12596K, committed 12928K, reserved 1048576K
}
Event: 842.688 GC heap before
{Heap before GC invocations=76 (full 2):
 garbage-first heap   total 524288K, used 234496K [0x0000000701800000, 0x0000000800000000)
  region size 2048K, 40 young (81920K), 2 survivors (4096K)
 Metaspace       used 88983K, committed 89664K, reserved 1179648K
  class space    used 12596K, committed 12928K, reserved 1048576K
}
Event: 842.690 GC heap after
{Heap after GC invocations=77 (full 2):
 garbage-first heap   total 524288K, used 156308K [0x0000000701800000, 0x0000000800000000)
  region size 2048K, 1 young (2048K), 1 survivors (2048K)
 Metaspace       used 88983K, committed 89664K, reserved 1179648K
  class space    used 12596K, committed 12928K, reserved 1048576K
}
Event: 864.947 GC heap before
{Heap before GC invocations=77 (full 2):
 garbage-first heap   total 524288K, used 236180K [0x0000000701800000, 0x0000000800000000)
  region size 2048K, 40 young (81920K), 1 survivors (2048K)
 Metaspace       used 89011K, committed 89728K, reserved 1179648K
  class space    used 12596K, committed 12928K, reserved 1048576K
}
Event: 864.951 GC heap after
{Heap after GC invocations=78 (full 2):
 garbage-first heap   total 524288K, used 156271K [0x0000000701800000, 0x0000000800000000)
  region size 2048K, 1 young (2048K), 1 survivors (2048K)
 Metaspace       used 89011K, committed 89728K, reserved 1179648K
  class space    used 12596K, committed 12928K, reserved 1048576K
}
Event: 865.522 GC heap before
{Heap before GC invocations=78 (full 2):
 garbage-first heap   total 524288K, used 236143K [0x0000000701800000, 0x0000000800000000)
  region size 2048K, 40 young (81920K), 1 survivors (2048K)
 Metaspace       used 89011K, committed 89728K, reserved 1179648K
  class space    used 12596K, committed 12928K, reserved 1048576K
}
Event: 865.526 GC heap after
{Heap after GC invocations=79 (full 2):
 garbage-first heap   total 524288K, used 156131K [0x0000000701800000, 0x0000000800000000)
  region size 2048K, 1 young (2048K), 1 survivors (2048K)
 Metaspace       used 89011K, committed 89728K, reserved 1179648K
  class space    used 12596K, committed 12928K, reserved 1048576K
}
Event: 865.854 GC heap before
{Heap before GC invocations=79 (full 2):
 garbage-first heap   total 524288K, used 236003K [0x0000000701800000, 0x0000000800000000)
  region size 2048K, 40 young (81920K), 1 survivors (2048K)
 Metaspace       used 89017K, committed 89728K, reserved 1179648K
  class space    used 12596K, committed 12928K, reserved 1048576K
}
Event: 865.857 GC heap after
{Heap after GC invocations=80 (full 2):
 garbage-first heap   total 524288K, used 156101K [0x0000000701800000, 0x0000000800000000)
  region size 2048K, 1 young (2048K), 1 survivors (2048K)
 Metaspace       used 89017K, committed 89728K, reserved 1179648K
  class space    used 12596K, committed 12928K, reserved 1048576K
}
Event: 866.310 GC heap before
{Heap before GC invocations=80 (full 2):
 garbage-first heap   total 524288K, used 235973K [0x0000000701800000, 0x0000000800000000)
  region size 2048K, 40 young (81920K), 1 survivors (2048K)
 Metaspace       used 89017K, committed 89728K, reserved 1179648K
  class space    used 12596K, committed 12928K, reserved 1048576K
}
Event: 866.313 GC heap after
{Heap after GC invocations=81 (full 2):
 garbage-first heap   total 524288K, used 156145K [0x0000000701800000, 0x0000000800000000)
  region size 2048K, 1 young (2048K), 1 survivors (2048K)
 Metaspace       used 89017K, committed 89728K, reserved 1179648K
  class space    used 12596K, committed 12928K, reserved 1048576K
}

