# JRE version: OpenJDK Runtime Environment Temurin-17.0.7+7 (17.0.7+7) (build 17.0.7+7)
# Java VM: OpenJDK 64-Bit Server VM Temurin-17.0.7+7 (17.0.7+7, mixed mode, sharing, tiered, compressed oops, compressed class ptrs, g1 gc, windows-amd64)
GC Precious Log:
 CPUs: 32 total, 32 available
 Memory: 65343M
 Large Page Support: Disabled
 NUMA Support: Disabled
 Compressed Oops: Enabled (Zero based)
 Heap Region Size: 2M
 Heap Min Capacity: 512M
 Heap Initial Capacity: 512M
 Heap Max Capacity: 4072M
 Pre-touch: Disabled
 Parallel Workers: 23
 Concurrent Workers: 6
 Concurrent Refinement Workers: 23
 Periodic GC: Disabled
 String Deduplication is enabled
Heap:
 garbage-first heap   total 524288K, used 155810K [0x0000000701800000, 0x0000000800000000)
  region size 2048K, 16 young (32768K), 1 survivors (2048K)
 Metaspace       used 93248K, committed 93952K, reserved 1179648K
  class space    used 13062K, committed 13440K, reserved 1048576K
GC Heap History (20 events):
Event: 3514.690 GC heap before
{Heap before GC invocations=235 (full 5):
 garbage-first heap   total 524288K, used 205804K [0x0000000701800000, 0x0000000800000000)
  region size 2048K, 40 young (81920K), 1 survivors (2048K)
 Metaspace       used 93109K, committed 93888K, reserved 1179648K
  class space    used 13062K, committed 13440K, reserved 1048576K
}
Event: 3514.692 GC heap after
{Heap after GC invocations=236 (full 5):
 garbage-first heap   total 524288K, used 126357K [0x0000000701800000, 0x0000000800000000)
  region size 2048K, 1 young (2048K), 1 survivors (2048K)
 Metaspace       used 93109K, committed 93888K, reserved 1179648K
  class space    used 13062K, committed 13440K, reserved 1048576K
}
Event: 3520.674 GC heap before
{Heap before GC invocations=236 (full 5):
 garbage-first heap   total 524288K, used 206229K [0x0000000701800000, 0x0000000800000000)
  region size 2048K, 40 young (81920K), 1 survivors (2048K)
 Metaspace       used 93157K, committed 93952K, reserved 1179648K
  class space    used 13062K, committed 13440K, reserved 1048576K
}
Event: 3520.677 GC heap after
{Heap after GC invocations=237 (full 5):
 garbage-first heap   total 524288K, used 126185K [0x0000000701800000, 0x0000000800000000)
  region size 2048K, 1 young (2048K), 1 survivors (2048K)
 Metaspace       used 93157K, committed 93952K, reserved 1179648K
  class space    used 13062K, committed 13440K, reserved 1048576K
}
Event: 3522.719 GC heap before
{Heap before GC invocations=237 (full 5):
 garbage-first heap   total 524288K, used 206057K [0x0000000701800000, 0x0000000800000000)
  region size 2048K, 40 young (81920K), 1 survivors (2048K)
 Metaspace       used 93167K, committed 93952K, reserved 1179648K
  class space    used 13062K, committed 13440K, reserved 1048576K
}
Event: 3522.722 GC heap after
{Heap after GC invocations=238 (full 5):
 garbage-first heap   total 524288K, used 126521K [0x0000000701800000, 0x0000000800000000)
  region size 2048K, 1 young (2048K), 1 survivors (2048K)
 Metaspace       used 93167K, committed 93952K, reserved 1179648K
  class space    used 13062K, committed 13440K, reserved 1048576K
}
Event: 3525.271 GC heap before
{Heap before GC invocations=238 (full 5):
 garbage-first heap   total 524288K, used 206393K [0x0000000701800000, 0x0000000800000000)
  region size 2048K, 40 young (81920K), 1 survivors (2048K)
 Metaspace       used 93176K, committed 93952K, reserved 1179648K
  class space    used 13062K, committed 13440K, reserved 1048576K
}
Event: 3525.273 GC heap after
{Heap after GC invocations=239 (full 5):
 garbage-first heap   total 524288K, used 126377K [0x0000000701800000, 0x0000000800000000)
  region size 2048K, 1 young (2048K), 1 survivors (2048K)
 Metaspace       used 93176K, committed 93952K, reserved 1179648K
  class space    used 13062K, committed 13440K, reserved 1048576K
}
Event: 3530.721 GC heap before
{Heap before GC invocations=239 (full 5):
 garbage-first heap   total 524288K, used 206249K [0x0000000701800000, 0x0000000800000000)
  region size 2048K, 40 young (81920K), 1 survivors (2048K)
 Metaspace       used 93184K, committed 93952K, reserved 1179648K
  class space    used 13062K, committed 13440K, reserved 1048576K
}
Event: 3530.723 GC heap after
{Heap after GC invocations=240 (full 5):
 garbage-first heap   total 524288K, used 127321K [0x0000000701800000, 0x0000000800000000)
  region size 2048K, 2 young (4096K), 2 survivors (4096K)
 Metaspace       used 93184K, committed 93952K, reserved 1179648K
  class space    used 13062K, committed 13440K, reserved 1048576K
}
Event: 3533.619 GC heap before
{Heap before GC invocations=240 (full 5):
 garbage-first heap   total 524288K, used 205145K [0x0000000701800000, 0x0000000800000000)
  region size 2048K, 40 young (81920K), 2 survivors (4096K)
 Metaspace       used 93196K, committed 93952K, reserved 1179648K
  class space    used 13062K, committed 13440K, reserved 1048576K
}
Event: 3533.621 GC heap after
{Heap after GC invocations=241 (full 5):
 garbage-first heap   total 524288K, used 126684K [0x0000000701800000, 0x0000000800000000)
  region size 2048K, 1 young (2048K), 1 survivors (2048K)
 Metaspace       used 93196K, committed 93952K, reserved 1179648K
  class space    used 13062K, committed 13440K, reserved 1048576K
}
Event: 3536.760 GC heap before
{Heap before GC invocations=241 (full 5):
 garbage-first heap   total 524288K, used 206556K [0x0000000701800000, 0x0000000800000000)
  region size 2048K, 40 young (81920K), 1 survivors (2048K)
 Metaspace       used 93214K, committed 93952K, reserved 1179648K
  class space    used 13062K, committed 13440K, reserved 1048576K
}
Event: 3536.763 GC heap after
{Heap after GC invocations=242 (full 5):
 garbage-first heap   total 524288K, used 126779K [0x0000000701800000, 0x0000000800000000)
  region size 2048K, 1 young (2048K), 1 survivors (2048K)
 Metaspace       used 93214K, committed 93952K, reserved 1179648K
  class space    used 13062K, committed 13440K, reserved 1048576K
}
Event: 3538.833 GC heap before
{Heap before GC invocations=242 (full 5):
 garbage-first heap   total 524288K, used 206651K [0x0000000701800000, 0x0000000800000000)
  region size 2048K, 40 young (81920K), 1 survivors (2048K)
 Metaspace       used 93234K, committed 93952K, reserved 1179648K
  class space    used 13062K, committed 13440K, reserved 1048576K
}
Event: 3538.838 GC heap after
{Heap after GC invocations=243 (full 5):
 garbage-first heap   total 524288K, used 127437K [0x0000000701800000, 0x0000000800000000)
  region size 2048K, 2 young (4096K), 2 survivors (4096K)
 Metaspace       used 93234K, committed 93952K, reserved 1179648K
  class space    used 13062K, committed 13440K, reserved 1048576K
}
Event: 3541.654 GC heap before
{Heap before GC invocations=243 (full 5):
 garbage-first heap   total 524288K, used 205261K [0x0000000701800000, 0x0000000800000000)
  region size 2048K, 40 young (81920K), 2 survivors (4096K)
 Metaspace       used 93239K, committed 93952K, reserved 1179648K
  class space    used 13062K, committed 13440K, reserved 1048576K
}
Event: 3541.657 GC heap after
{Heap after GC invocations=244 (full 5):
 garbage-first heap   total 524288K, used 126920K [0x0000000701800000, 0x0000000800000000)
  region size 2048K, 1 young (2048K), 1 survivors (2048K)
 Metaspace       used 93239K, committed 93952K, reserved 1179648K
  class space    used 13062K, committed 13440K, reserved 1048576K
}
Event: 3544.853 GC heap before
{Heap before GC invocations=244 (full 5):
 garbage-first heap   total 524288K, used 206792K [0x0000000701800000, 0x0000000800000000)
  region size 2048K, 40 young (81920K), 1 survivors (2048K)
 Metaspace       used 93245K, committed 93952K, reserved 1179648K
  class space    used 13062K, committed 13440K, reserved 1048576K
}
Event: 3544.856 GC heap after
{Heap after GC invocations=245 (full 5):
 garbage-first heap   total 524288K, used 127138K [0x0000000701800000, 0x0000000800000000)
  region size 2048K, 1 young (2048K), 1 survivors (2048K)
 Metaspace       used 93245K, committed 93952K, reserved 1179648K
  class space    used 13062K, committed 13440K, reserved 1048576K
}

